**************************************************
Report         : passing_points

Reference      : Ref:/WORK/SYS_TOP
Implementation : Imp:/WORK/SYS_TOP
Version        : L-2016.03-SP1
Date           : Mon Sep 25 22:56:38 2023
**************************************************

288 Passing compare points:

  Ref  LAT        Ref:/WORK/SYS_TOP/U0_ClkGate/FOR_SYN.U0_CLK_GATE_CELL
  Impl LAT        Imp:/WORK/SYS_TOP/U0_ClkGate/FOR_SYN.U0_CLK_GATE_CELL

  Ref  DFF        Ref:/WORK/SYS_TOP/U0_ALU/ALU_OUT_reg[0]
  Impl DFF        Imp:/WORK/SYS_TOP/U0_ALU/ALU_OUT_reg[0]

  Ref  DFF        Ref:/WORK/SYS_TOP/U0_ALU/ALU_OUT_reg[10]
  Impl DFF        Imp:/WORK/SYS_TOP/U0_ALU/ALU_OUT_reg[10]

  Ref  DFF        Ref:/WORK/SYS_TOP/U0_ALU/ALU_OUT_reg[11]
  Impl DFF        Imp:/WORK/SYS_TOP/U0_ALU/ALU_OUT_reg[11]

  Ref  DFF        Ref:/WORK/SYS_TOP/U0_ALU/ALU_OUT_reg[12]
  Impl DFF        Imp:/WORK/SYS_TOP/U0_ALU/ALU_OUT_reg[12]

  Ref  DFF        Ref:/WORK/SYS_TOP/U0_ALU/ALU_OUT_reg[13]
  Impl DFF        Imp:/WORK/SYS_TOP/U0_ALU/ALU_OUT_reg[13]

  Ref  DFF        Ref:/WORK/SYS_TOP/U0_ALU/ALU_OUT_reg[14]
  Impl DFF        Imp:/WORK/SYS_TOP/U0_ALU/ALU_OUT_reg[14]

  Ref  DFF        Ref:/WORK/SYS_TOP/U0_ALU/ALU_OUT_reg[15]
  Impl DFF        Imp:/WORK/SYS_TOP/U0_ALU/ALU_OUT_reg[15]

  Ref  DFF        Ref:/WORK/SYS_TOP/U0_ALU/ALU_OUT_reg[1]
  Impl DFF        Imp:/WORK/SYS_TOP/U0_ALU/ALU_OUT_reg[1]

  Ref  DFF        Ref:/WORK/SYS_TOP/U0_ALU/ALU_OUT_reg[2]
  Impl DFF        Imp:/WORK/SYS_TOP/U0_ALU/ALU_OUT_reg[2]

  Ref  DFF        Ref:/WORK/SYS_TOP/U0_ALU/ALU_OUT_reg[3]
  Impl DFF        Imp:/WORK/SYS_TOP/U0_ALU/ALU_OUT_reg[3]

  Ref  DFF        Ref:/WORK/SYS_TOP/U0_ALU/ALU_OUT_reg[4]
  Impl DFF        Imp:/WORK/SYS_TOP/U0_ALU/ALU_OUT_reg[4]

  Ref  DFF        Ref:/WORK/SYS_TOP/U0_ALU/ALU_OUT_reg[5]
  Impl DFF        Imp:/WORK/SYS_TOP/U0_ALU/ALU_OUT_reg[5]

  Ref  DFF        Ref:/WORK/SYS_TOP/U0_ALU/ALU_OUT_reg[6]
  Impl DFF        Imp:/WORK/SYS_TOP/U0_ALU/ALU_OUT_reg[6]

  Ref  DFF        Ref:/WORK/SYS_TOP/U0_ALU/ALU_OUT_reg[7]
  Impl DFF        Imp:/WORK/SYS_TOP/U0_ALU/ALU_OUT_reg[7]

  Ref  DFF        Ref:/WORK/SYS_TOP/U0_ALU/ALU_OUT_reg[8]
  Impl DFF        Imp:/WORK/SYS_TOP/U0_ALU/ALU_OUT_reg[8]

  Ref  DFF        Ref:/WORK/SYS_TOP/U0_ALU/ALU_OUT_reg[9]
  Impl DFF        Imp:/WORK/SYS_TOP/U0_ALU/ALU_OUT_reg[9]

  Ref  DFF        Ref:/WORK/SYS_TOP/U0_ALU/OUT_VALID_reg
  Impl DFF        Imp:/WORK/SYS_TOP/U0_ALU/OUT_VALID_reg

  Ref  DFF        Ref:/WORK/SYS_TOP/U0_ASYNC_FIFO/U0_DF_SYNC/sync_dff_reg[0][0]
  Impl DFF        Imp:/WORK/SYS_TOP/U0_ASYNC_FIFO/U0_DF_SYNC/sync_dff_reg[0][0]

  Ref  DFF        Ref:/WORK/SYS_TOP/U0_ASYNC_FIFO/U0_DF_SYNC/sync_dff_reg[0][1]
  Impl DFF        Imp:/WORK/SYS_TOP/U0_ASYNC_FIFO/U0_DF_SYNC/sync_dff_reg[0][1]

  Ref  DFF        Ref:/WORK/SYS_TOP/U0_ASYNC_FIFO/U0_DF_SYNC/sync_dff_reg[0][2]
  Impl DFF        Imp:/WORK/SYS_TOP/U0_ASYNC_FIFO/U0_DF_SYNC/sync_dff_reg[0][2]

  Ref  DFF        Ref:/WORK/SYS_TOP/U0_ASYNC_FIFO/U0_DF_SYNC/sync_dff_reg[0][3]
  Impl DFF        Imp:/WORK/SYS_TOP/U0_ASYNC_FIFO/U0_DF_SYNC/sync_dff_reg[0][3]

  Ref  DFF        Ref:/WORK/SYS_TOP/U0_ASYNC_FIFO/U0_DF_SYNC/sync_dff_reg[1][0]
  Impl DFF        Imp:/WORK/SYS_TOP/U0_ASYNC_FIFO/U0_DF_SYNC/sync_dff_reg[1][0]

  Ref  DFF        Ref:/WORK/SYS_TOP/U0_ASYNC_FIFO/U0_DF_SYNC/sync_dff_reg[1][1]
  Impl DFF        Imp:/WORK/SYS_TOP/U0_ASYNC_FIFO/U0_DF_SYNC/sync_dff_reg[1][1]

  Ref  DFF        Ref:/WORK/SYS_TOP/U0_ASYNC_FIFO/U0_DF_SYNC/sync_dff_reg[1][2]
  Impl DFF        Imp:/WORK/SYS_TOP/U0_ASYNC_FIFO/U0_DF_SYNC/sync_dff_reg[1][2]

  Ref  DFF        Ref:/WORK/SYS_TOP/U0_ASYNC_FIFO/U0_DF_SYNC/sync_dff_reg[1][3]
  Impl DFF        Imp:/WORK/SYS_TOP/U0_ASYNC_FIFO/U0_DF_SYNC/sync_dff_reg[1][3]

  Ref  DFF        Ref:/WORK/SYS_TOP/U0_ASYNC_FIFO/U0_FIFO_MEM_CNTRL/MEM_reg[0][0]
  Impl DFF        Imp:/WORK/SYS_TOP/U0_ASYNC_FIFO/U0_FIFO_MEM_CNTRL/MEM_reg[0][0]

  Ref  DFF        Ref:/WORK/SYS_TOP/U0_ASYNC_FIFO/U0_FIFO_MEM_CNTRL/MEM_reg[0][1]
  Impl DFF        Imp:/WORK/SYS_TOP/U0_ASYNC_FIFO/U0_FIFO_MEM_CNTRL/MEM_reg[0][1]

  Ref  DFF        Ref:/WORK/SYS_TOP/U0_ASYNC_FIFO/U0_FIFO_MEM_CNTRL/MEM_reg[0][2]
  Impl DFF        Imp:/WORK/SYS_TOP/U0_ASYNC_FIFO/U0_FIFO_MEM_CNTRL/MEM_reg[0][2]

  Ref  DFF        Ref:/WORK/SYS_TOP/U0_ASYNC_FIFO/U0_FIFO_MEM_CNTRL/MEM_reg[0][3]
  Impl DFF        Imp:/WORK/SYS_TOP/U0_ASYNC_FIFO/U0_FIFO_MEM_CNTRL/MEM_reg[0][3]

  Ref  DFF        Ref:/WORK/SYS_TOP/U0_ASYNC_FIFO/U0_FIFO_MEM_CNTRL/MEM_reg[0][4]
  Impl DFF        Imp:/WORK/SYS_TOP/U0_ASYNC_FIFO/U0_FIFO_MEM_CNTRL/MEM_reg[0][4]

  Ref  DFF        Ref:/WORK/SYS_TOP/U0_ASYNC_FIFO/U0_FIFO_MEM_CNTRL/MEM_reg[0][5]
  Impl DFF        Imp:/WORK/SYS_TOP/U0_ASYNC_FIFO/U0_FIFO_MEM_CNTRL/MEM_reg[0][5]

  Ref  DFF        Ref:/WORK/SYS_TOP/U0_ASYNC_FIFO/U0_FIFO_MEM_CNTRL/MEM_reg[0][6]
  Impl DFF        Imp:/WORK/SYS_TOP/U0_ASYNC_FIFO/U0_FIFO_MEM_CNTRL/MEM_reg[0][6]

  Ref  DFF        Ref:/WORK/SYS_TOP/U0_ASYNC_FIFO/U0_FIFO_MEM_CNTRL/MEM_reg[0][7]
  Impl DFF        Imp:/WORK/SYS_TOP/U0_ASYNC_FIFO/U0_FIFO_MEM_CNTRL/MEM_reg[0][7]

  Ref  DFF        Ref:/WORK/SYS_TOP/U0_ASYNC_FIFO/U0_FIFO_MEM_CNTRL/MEM_reg[1][0]
  Impl DFF        Imp:/WORK/SYS_TOP/U0_ASYNC_FIFO/U0_FIFO_MEM_CNTRL/MEM_reg[1][0]

  Ref  DFF        Ref:/WORK/SYS_TOP/U0_ASYNC_FIFO/U0_FIFO_MEM_CNTRL/MEM_reg[1][1]
  Impl DFF        Imp:/WORK/SYS_TOP/U0_ASYNC_FIFO/U0_FIFO_MEM_CNTRL/MEM_reg[1][1]

  Ref  DFF        Ref:/WORK/SYS_TOP/U0_ASYNC_FIFO/U0_FIFO_MEM_CNTRL/MEM_reg[1][2]
  Impl DFF        Imp:/WORK/SYS_TOP/U0_ASYNC_FIFO/U0_FIFO_MEM_CNTRL/MEM_reg[1][2]

  Ref  DFF        Ref:/WORK/SYS_TOP/U0_ASYNC_FIFO/U0_FIFO_MEM_CNTRL/MEM_reg[1][3]
  Impl DFF        Imp:/WORK/SYS_TOP/U0_ASYNC_FIFO/U0_FIFO_MEM_CNTRL/MEM_reg[1][3]

  Ref  DFF        Ref:/WORK/SYS_TOP/U0_ASYNC_FIFO/U0_FIFO_MEM_CNTRL/MEM_reg[1][4]
  Impl DFF        Imp:/WORK/SYS_TOP/U0_ASYNC_FIFO/U0_FIFO_MEM_CNTRL/MEM_reg[1][4]

  Ref  DFF        Ref:/WORK/SYS_TOP/U0_ASYNC_FIFO/U0_FIFO_MEM_CNTRL/MEM_reg[1][5]
  Impl DFF        Imp:/WORK/SYS_TOP/U0_ASYNC_FIFO/U0_FIFO_MEM_CNTRL/MEM_reg[1][5]

  Ref  DFF        Ref:/WORK/SYS_TOP/U0_ASYNC_FIFO/U0_FIFO_MEM_CNTRL/MEM_reg[1][6]
  Impl DFF        Imp:/WORK/SYS_TOP/U0_ASYNC_FIFO/U0_FIFO_MEM_CNTRL/MEM_reg[1][6]

  Ref  DFF        Ref:/WORK/SYS_TOP/U0_ASYNC_FIFO/U0_FIFO_MEM_CNTRL/MEM_reg[1][7]
  Impl DFF        Imp:/WORK/SYS_TOP/U0_ASYNC_FIFO/U0_FIFO_MEM_CNTRL/MEM_reg[1][7]

  Ref  DFF        Ref:/WORK/SYS_TOP/U0_ASYNC_FIFO/U0_FIFO_MEM_CNTRL/MEM_reg[2][0]
  Impl DFF        Imp:/WORK/SYS_TOP/U0_ASYNC_FIFO/U0_FIFO_MEM_CNTRL/MEM_reg[2][0]

  Ref  DFF        Ref:/WORK/SYS_TOP/U0_ASYNC_FIFO/U0_FIFO_MEM_CNTRL/MEM_reg[2][1]
  Impl DFF        Imp:/WORK/SYS_TOP/U0_ASYNC_FIFO/U0_FIFO_MEM_CNTRL/MEM_reg[2][1]

  Ref  DFF        Ref:/WORK/SYS_TOP/U0_ASYNC_FIFO/U0_FIFO_MEM_CNTRL/MEM_reg[2][2]
  Impl DFF        Imp:/WORK/SYS_TOP/U0_ASYNC_FIFO/U0_FIFO_MEM_CNTRL/MEM_reg[2][2]

  Ref  DFF        Ref:/WORK/SYS_TOP/U0_ASYNC_FIFO/U0_FIFO_MEM_CNTRL/MEM_reg[2][3]
  Impl DFF        Imp:/WORK/SYS_TOP/U0_ASYNC_FIFO/U0_FIFO_MEM_CNTRL/MEM_reg[2][3]

  Ref  DFF        Ref:/WORK/SYS_TOP/U0_ASYNC_FIFO/U0_FIFO_MEM_CNTRL/MEM_reg[2][4]
  Impl DFF        Imp:/WORK/SYS_TOP/U0_ASYNC_FIFO/U0_FIFO_MEM_CNTRL/MEM_reg[2][4]

  Ref  DFF        Ref:/WORK/SYS_TOP/U0_ASYNC_FIFO/U0_FIFO_MEM_CNTRL/MEM_reg[2][5]
  Impl DFF        Imp:/WORK/SYS_TOP/U0_ASYNC_FIFO/U0_FIFO_MEM_CNTRL/MEM_reg[2][5]

  Ref  DFF        Ref:/WORK/SYS_TOP/U0_ASYNC_FIFO/U0_FIFO_MEM_CNTRL/MEM_reg[2][6]
  Impl DFF        Imp:/WORK/SYS_TOP/U0_ASYNC_FIFO/U0_FIFO_MEM_CNTRL/MEM_reg[2][6]

  Ref  DFF        Ref:/WORK/SYS_TOP/U0_ASYNC_FIFO/U0_FIFO_MEM_CNTRL/MEM_reg[2][7]
  Impl DFF        Imp:/WORK/SYS_TOP/U0_ASYNC_FIFO/U0_FIFO_MEM_CNTRL/MEM_reg[2][7]

  Ref  DFF        Ref:/WORK/SYS_TOP/U0_ASYNC_FIFO/U0_FIFO_MEM_CNTRL/MEM_reg[3][0]
  Impl DFF        Imp:/WORK/SYS_TOP/U0_ASYNC_FIFO/U0_FIFO_MEM_CNTRL/MEM_reg[3][0]

  Ref  DFF        Ref:/WORK/SYS_TOP/U0_ASYNC_FIFO/U0_FIFO_MEM_CNTRL/MEM_reg[3][1]
  Impl DFF        Imp:/WORK/SYS_TOP/U0_ASYNC_FIFO/U0_FIFO_MEM_CNTRL/MEM_reg[3][1]

  Ref  DFF        Ref:/WORK/SYS_TOP/U0_ASYNC_FIFO/U0_FIFO_MEM_CNTRL/MEM_reg[3][2]
  Impl DFF        Imp:/WORK/SYS_TOP/U0_ASYNC_FIFO/U0_FIFO_MEM_CNTRL/MEM_reg[3][2]

  Ref  DFF        Ref:/WORK/SYS_TOP/U0_ASYNC_FIFO/U0_FIFO_MEM_CNTRL/MEM_reg[3][3]
  Impl DFF        Imp:/WORK/SYS_TOP/U0_ASYNC_FIFO/U0_FIFO_MEM_CNTRL/MEM_reg[3][3]

  Ref  DFF        Ref:/WORK/SYS_TOP/U0_ASYNC_FIFO/U0_FIFO_MEM_CNTRL/MEM_reg[3][4]
  Impl DFF        Imp:/WORK/SYS_TOP/U0_ASYNC_FIFO/U0_FIFO_MEM_CNTRL/MEM_reg[3][4]

  Ref  DFF        Ref:/WORK/SYS_TOP/U0_ASYNC_FIFO/U0_FIFO_MEM_CNTRL/MEM_reg[3][5]
  Impl DFF        Imp:/WORK/SYS_TOP/U0_ASYNC_FIFO/U0_FIFO_MEM_CNTRL/MEM_reg[3][5]

  Ref  DFF        Ref:/WORK/SYS_TOP/U0_ASYNC_FIFO/U0_FIFO_MEM_CNTRL/MEM_reg[3][6]
  Impl DFF        Imp:/WORK/SYS_TOP/U0_ASYNC_FIFO/U0_FIFO_MEM_CNTRL/MEM_reg[3][6]

  Ref  DFF        Ref:/WORK/SYS_TOP/U0_ASYNC_FIFO/U0_FIFO_MEM_CNTRL/MEM_reg[3][7]
  Impl DFF        Imp:/WORK/SYS_TOP/U0_ASYNC_FIFO/U0_FIFO_MEM_CNTRL/MEM_reg[3][7]

  Ref  DFF        Ref:/WORK/SYS_TOP/U0_ASYNC_FIFO/U0_FIFO_MEM_CNTRL/MEM_reg[4][0]
  Impl DFF        Imp:/WORK/SYS_TOP/U0_ASYNC_FIFO/U0_FIFO_MEM_CNTRL/MEM_reg[4][0]

  Ref  DFF        Ref:/WORK/SYS_TOP/U0_ASYNC_FIFO/U0_FIFO_MEM_CNTRL/MEM_reg[4][1]
  Impl DFF        Imp:/WORK/SYS_TOP/U0_ASYNC_FIFO/U0_FIFO_MEM_CNTRL/MEM_reg[4][1]

  Ref  DFF        Ref:/WORK/SYS_TOP/U0_ASYNC_FIFO/U0_FIFO_MEM_CNTRL/MEM_reg[4][2]
  Impl DFF        Imp:/WORK/SYS_TOP/U0_ASYNC_FIFO/U0_FIFO_MEM_CNTRL/MEM_reg[4][2]

  Ref  DFF        Ref:/WORK/SYS_TOP/U0_ASYNC_FIFO/U0_FIFO_MEM_CNTRL/MEM_reg[4][3]
  Impl DFF        Imp:/WORK/SYS_TOP/U0_ASYNC_FIFO/U0_FIFO_MEM_CNTRL/MEM_reg[4][3]

  Ref  DFF        Ref:/WORK/SYS_TOP/U0_ASYNC_FIFO/U0_FIFO_MEM_CNTRL/MEM_reg[4][4]
  Impl DFF        Imp:/WORK/SYS_TOP/U0_ASYNC_FIFO/U0_FIFO_MEM_CNTRL/MEM_reg[4][4]

  Ref  DFF        Ref:/WORK/SYS_TOP/U0_ASYNC_FIFO/U0_FIFO_MEM_CNTRL/MEM_reg[4][5]
  Impl DFF        Imp:/WORK/SYS_TOP/U0_ASYNC_FIFO/U0_FIFO_MEM_CNTRL/MEM_reg[4][5]

  Ref  DFF        Ref:/WORK/SYS_TOP/U0_ASYNC_FIFO/U0_FIFO_MEM_CNTRL/MEM_reg[4][6]
  Impl DFF        Imp:/WORK/SYS_TOP/U0_ASYNC_FIFO/U0_FIFO_MEM_CNTRL/MEM_reg[4][6]

  Ref  DFF        Ref:/WORK/SYS_TOP/U0_ASYNC_FIFO/U0_FIFO_MEM_CNTRL/MEM_reg[4][7]
  Impl DFF        Imp:/WORK/SYS_TOP/U0_ASYNC_FIFO/U0_FIFO_MEM_CNTRL/MEM_reg[4][7]

  Ref  DFF        Ref:/WORK/SYS_TOP/U0_ASYNC_FIFO/U0_FIFO_MEM_CNTRL/MEM_reg[5][0]
  Impl DFF        Imp:/WORK/SYS_TOP/U0_ASYNC_FIFO/U0_FIFO_MEM_CNTRL/MEM_reg[5][0]

  Ref  DFF        Ref:/WORK/SYS_TOP/U0_ASYNC_FIFO/U0_FIFO_MEM_CNTRL/MEM_reg[5][1]
  Impl DFF        Imp:/WORK/SYS_TOP/U0_ASYNC_FIFO/U0_FIFO_MEM_CNTRL/MEM_reg[5][1]

  Ref  DFF        Ref:/WORK/SYS_TOP/U0_ASYNC_FIFO/U0_FIFO_MEM_CNTRL/MEM_reg[5][2]
  Impl DFF        Imp:/WORK/SYS_TOP/U0_ASYNC_FIFO/U0_FIFO_MEM_CNTRL/MEM_reg[5][2]

  Ref  DFF        Ref:/WORK/SYS_TOP/U0_ASYNC_FIFO/U0_FIFO_MEM_CNTRL/MEM_reg[5][3]
  Impl DFF        Imp:/WORK/SYS_TOP/U0_ASYNC_FIFO/U0_FIFO_MEM_CNTRL/MEM_reg[5][3]

  Ref  DFF        Ref:/WORK/SYS_TOP/U0_ASYNC_FIFO/U0_FIFO_MEM_CNTRL/MEM_reg[5][4]
  Impl DFF        Imp:/WORK/SYS_TOP/U0_ASYNC_FIFO/U0_FIFO_MEM_CNTRL/MEM_reg[5][4]

  Ref  DFF        Ref:/WORK/SYS_TOP/U0_ASYNC_FIFO/U0_FIFO_MEM_CNTRL/MEM_reg[5][5]
  Impl DFF        Imp:/WORK/SYS_TOP/U0_ASYNC_FIFO/U0_FIFO_MEM_CNTRL/MEM_reg[5][5]

  Ref  DFF        Ref:/WORK/SYS_TOP/U0_ASYNC_FIFO/U0_FIFO_MEM_CNTRL/MEM_reg[5][6]
  Impl DFF        Imp:/WORK/SYS_TOP/U0_ASYNC_FIFO/U0_FIFO_MEM_CNTRL/MEM_reg[5][6]

  Ref  DFF        Ref:/WORK/SYS_TOP/U0_ASYNC_FIFO/U0_FIFO_MEM_CNTRL/MEM_reg[5][7]
  Impl DFF        Imp:/WORK/SYS_TOP/U0_ASYNC_FIFO/U0_FIFO_MEM_CNTRL/MEM_reg[5][7]

  Ref  DFF        Ref:/WORK/SYS_TOP/U0_ASYNC_FIFO/U0_FIFO_MEM_CNTRL/MEM_reg[6][0]
  Impl DFF        Imp:/WORK/SYS_TOP/U0_ASYNC_FIFO/U0_FIFO_MEM_CNTRL/MEM_reg[6][0]

  Ref  DFF        Ref:/WORK/SYS_TOP/U0_ASYNC_FIFO/U0_FIFO_MEM_CNTRL/MEM_reg[6][1]
  Impl DFF        Imp:/WORK/SYS_TOP/U0_ASYNC_FIFO/U0_FIFO_MEM_CNTRL/MEM_reg[6][1]

  Ref  DFF        Ref:/WORK/SYS_TOP/U0_ASYNC_FIFO/U0_FIFO_MEM_CNTRL/MEM_reg[6][2]
  Impl DFF        Imp:/WORK/SYS_TOP/U0_ASYNC_FIFO/U0_FIFO_MEM_CNTRL/MEM_reg[6][2]

  Ref  DFF        Ref:/WORK/SYS_TOP/U0_ASYNC_FIFO/U0_FIFO_MEM_CNTRL/MEM_reg[6][3]
  Impl DFF        Imp:/WORK/SYS_TOP/U0_ASYNC_FIFO/U0_FIFO_MEM_CNTRL/MEM_reg[6][3]

  Ref  DFF        Ref:/WORK/SYS_TOP/U0_ASYNC_FIFO/U0_FIFO_MEM_CNTRL/MEM_reg[6][4]
  Impl DFF        Imp:/WORK/SYS_TOP/U0_ASYNC_FIFO/U0_FIFO_MEM_CNTRL/MEM_reg[6][4]

  Ref  DFF        Ref:/WORK/SYS_TOP/U0_ASYNC_FIFO/U0_FIFO_MEM_CNTRL/MEM_reg[6][5]
  Impl DFF        Imp:/WORK/SYS_TOP/U0_ASYNC_FIFO/U0_FIFO_MEM_CNTRL/MEM_reg[6][5]

  Ref  DFF        Ref:/WORK/SYS_TOP/U0_ASYNC_FIFO/U0_FIFO_MEM_CNTRL/MEM_reg[6][6]
  Impl DFF        Imp:/WORK/SYS_TOP/U0_ASYNC_FIFO/U0_FIFO_MEM_CNTRL/MEM_reg[6][6]

  Ref  DFF        Ref:/WORK/SYS_TOP/U0_ASYNC_FIFO/U0_FIFO_MEM_CNTRL/MEM_reg[6][7]
  Impl DFF        Imp:/WORK/SYS_TOP/U0_ASYNC_FIFO/U0_FIFO_MEM_CNTRL/MEM_reg[6][7]

  Ref  DFF        Ref:/WORK/SYS_TOP/U0_ASYNC_FIFO/U0_FIFO_MEM_CNTRL/MEM_reg[7][0]
  Impl DFF        Imp:/WORK/SYS_TOP/U0_ASYNC_FIFO/U0_FIFO_MEM_CNTRL/MEM_reg[7][0]

  Ref  DFF        Ref:/WORK/SYS_TOP/U0_ASYNC_FIFO/U0_FIFO_MEM_CNTRL/MEM_reg[7][1]
  Impl DFF        Imp:/WORK/SYS_TOP/U0_ASYNC_FIFO/U0_FIFO_MEM_CNTRL/MEM_reg[7][1]

  Ref  DFF        Ref:/WORK/SYS_TOP/U0_ASYNC_FIFO/U0_FIFO_MEM_CNTRL/MEM_reg[7][2]
  Impl DFF        Imp:/WORK/SYS_TOP/U0_ASYNC_FIFO/U0_FIFO_MEM_CNTRL/MEM_reg[7][2]

  Ref  DFF        Ref:/WORK/SYS_TOP/U0_ASYNC_FIFO/U0_FIFO_MEM_CNTRL/MEM_reg[7][3]
  Impl DFF        Imp:/WORK/SYS_TOP/U0_ASYNC_FIFO/U0_FIFO_MEM_CNTRL/MEM_reg[7][3]

  Ref  DFF        Ref:/WORK/SYS_TOP/U0_ASYNC_FIFO/U0_FIFO_MEM_CNTRL/MEM_reg[7][4]
  Impl DFF        Imp:/WORK/SYS_TOP/U0_ASYNC_FIFO/U0_FIFO_MEM_CNTRL/MEM_reg[7][4]

  Ref  DFF        Ref:/WORK/SYS_TOP/U0_ASYNC_FIFO/U0_FIFO_MEM_CNTRL/MEM_reg[7][5]
  Impl DFF        Imp:/WORK/SYS_TOP/U0_ASYNC_FIFO/U0_FIFO_MEM_CNTRL/MEM_reg[7][5]

  Ref  DFF        Ref:/WORK/SYS_TOP/U0_ASYNC_FIFO/U0_FIFO_MEM_CNTRL/MEM_reg[7][6]
  Impl DFF        Imp:/WORK/SYS_TOP/U0_ASYNC_FIFO/U0_FIFO_MEM_CNTRL/MEM_reg[7][6]

  Ref  DFF        Ref:/WORK/SYS_TOP/U0_ASYNC_FIFO/U0_FIFO_MEM_CNTRL/MEM_reg[7][7]
  Impl DFF        Imp:/WORK/SYS_TOP/U0_ASYNC_FIFO/U0_FIFO_MEM_CNTRL/MEM_reg[7][7]

  Ref  DFF        Ref:/WORK/SYS_TOP/U0_ASYNC_FIFO/U0_FIFO_RD/empty_reg
  Impl DFF        Imp:/WORK/SYS_TOP/U0_ASYNC_FIFO/U0_FIFO_RD/empty_reg

  Ref  DFF        Ref:/WORK/SYS_TOP/U0_ASYNC_FIFO/U0_FIFO_RD/rptr_reg[0]
  Impl DFF        Imp:/WORK/SYS_TOP/U0_ASYNC_FIFO/U0_FIFO_RD/rptr_reg[0]

  Ref  DFF        Ref:/WORK/SYS_TOP/U0_ASYNC_FIFO/U0_FIFO_RD/rptr_reg[1]
  Impl DFF        Imp:/WORK/SYS_TOP/U0_ASYNC_FIFO/U0_FIFO_RD/rptr_reg[1]

  Ref  DFF        Ref:/WORK/SYS_TOP/U0_ASYNC_FIFO/U0_FIFO_RD/rptr_reg[2]
  Impl DFF        Imp:/WORK/SYS_TOP/U0_ASYNC_FIFO/U0_FIFO_RD/rptr_reg[2]

  Ref  DFF        Ref:/WORK/SYS_TOP/U0_ASYNC_FIFO/U0_FIFO_RD/rptr_reg[3]
  Impl DFF        Imp:/WORK/SYS_TOP/U0_ASYNC_FIFO/U0_FIFO_RD/rptr_reg[3]

  Ref  DFF        Ref:/WORK/SYS_TOP/U0_ASYNC_FIFO/U0_FIFO_WR/full_reg
  Impl DFF        Imp:/WORK/SYS_TOP/U0_ASYNC_FIFO/U0_FIFO_WR/full_reg

  Ref  DFF        Ref:/WORK/SYS_TOP/U0_ASYNC_FIFO/U0_FIFO_WR/wptr_reg[0]
  Impl DFF        Imp:/WORK/SYS_TOP/U0_ASYNC_FIFO/U0_FIFO_WR/wptr_reg[0]

  Ref  DFF        Ref:/WORK/SYS_TOP/U0_ASYNC_FIFO/U0_FIFO_WR/wptr_reg[1]
  Impl DFF        Imp:/WORK/SYS_TOP/U0_ASYNC_FIFO/U0_FIFO_WR/wptr_reg[1]

  Ref  DFF        Ref:/WORK/SYS_TOP/U0_ASYNC_FIFO/U0_FIFO_WR/wptr_reg[2]
  Impl DFF        Imp:/WORK/SYS_TOP/U0_ASYNC_FIFO/U0_FIFO_WR/wptr_reg[2]

  Ref  DFF        Ref:/WORK/SYS_TOP/U0_ASYNC_FIFO/U0_FIFO_WR/wptr_reg[3]
  Impl DFF        Imp:/WORK/SYS_TOP/U0_ASYNC_FIFO/U0_FIFO_WR/wptr_reg[3]

  Ref  DFF        Ref:/WORK/SYS_TOP/U0_ASYNC_FIFO/U1_DF_SYNC/sync_dff_reg[0][0]
  Impl DFF        Imp:/WORK/SYS_TOP/U0_ASYNC_FIFO/U1_DF_SYNC/sync_dff_reg[0][0]

  Ref  DFF        Ref:/WORK/SYS_TOP/U0_ASYNC_FIFO/U1_DF_SYNC/sync_dff_reg[0][1]
  Impl DFF        Imp:/WORK/SYS_TOP/U0_ASYNC_FIFO/U1_DF_SYNC/sync_dff_reg[0][1]

  Ref  DFF        Ref:/WORK/SYS_TOP/U0_ASYNC_FIFO/U1_DF_SYNC/sync_dff_reg[0][2]
  Impl DFF        Imp:/WORK/SYS_TOP/U0_ASYNC_FIFO/U1_DF_SYNC/sync_dff_reg[0][2]

  Ref  DFF        Ref:/WORK/SYS_TOP/U0_ASYNC_FIFO/U1_DF_SYNC/sync_dff_reg[0][3]
  Impl DFF        Imp:/WORK/SYS_TOP/U0_ASYNC_FIFO/U1_DF_SYNC/sync_dff_reg[0][3]

  Ref  DFF        Ref:/WORK/SYS_TOP/U0_ASYNC_FIFO/U1_DF_SYNC/sync_dff_reg[1][0]
  Impl DFF        Imp:/WORK/SYS_TOP/U0_ASYNC_FIFO/U1_DF_SYNC/sync_dff_reg[1][0]

  Ref  DFF        Ref:/WORK/SYS_TOP/U0_ASYNC_FIFO/U1_DF_SYNC/sync_dff_reg[1][1]
  Impl DFF        Imp:/WORK/SYS_TOP/U0_ASYNC_FIFO/U1_DF_SYNC/sync_dff_reg[1][1]

  Ref  DFF        Ref:/WORK/SYS_TOP/U0_ASYNC_FIFO/U1_DF_SYNC/sync_dff_reg[1][2]
  Impl DFF        Imp:/WORK/SYS_TOP/U0_ASYNC_FIFO/U1_DF_SYNC/sync_dff_reg[1][2]

  Ref  DFF        Ref:/WORK/SYS_TOP/U0_ASYNC_FIFO/U1_DF_SYNC/sync_dff_reg[1][3]
  Impl DFF        Imp:/WORK/SYS_TOP/U0_ASYNC_FIFO/U1_DF_SYNC/sync_dff_reg[1][3]

  Ref  DFF        Ref:/WORK/SYS_TOP/U0_ClkDiv/counter_reg[0]
  Impl DFF        Imp:/WORK/SYS_TOP/U0_ClkDiv/counter_reg[0]

  Ref  DFF        Ref:/WORK/SYS_TOP/U0_ClkDiv/counter_reg[1]
  Impl DFF        Imp:/WORK/SYS_TOP/U0_ClkDiv/counter_reg[1]

  Ref  DFF        Ref:/WORK/SYS_TOP/U0_ClkDiv/counter_reg[2]
  Impl DFF        Imp:/WORK/SYS_TOP/U0_ClkDiv/counter_reg[2]

  Ref  DFF        Ref:/WORK/SYS_TOP/U0_ClkDiv/counter_reg[3]
  Impl DFF        Imp:/WORK/SYS_TOP/U0_ClkDiv/counter_reg[3]

  Ref  DFF        Ref:/WORK/SYS_TOP/U0_ClkDiv/counter_reg[4]
  Impl DFF        Imp:/WORK/SYS_TOP/U0_ClkDiv/counter_reg[4]

  Ref  DFF        Ref:/WORK/SYS_TOP/U0_ClkDiv/counter_reg[5]
  Impl DFF        Imp:/WORK/SYS_TOP/U0_ClkDiv/counter_reg[5]

  Ref  DFF        Ref:/WORK/SYS_TOP/U0_ClkDiv/div_clk_reg
  Impl DFF        Imp:/WORK/SYS_TOP/U0_ClkDiv/div_clk_reg

  Ref  DFF        Ref:/WORK/SYS_TOP/U0_ClkDiv/flag_reg
  Impl DFF        Imp:/WORK/SYS_TOP/U0_ClkDiv/flag_reg

  Ref  DFF        Ref:/WORK/SYS_TOP/U0_DATA_SYNC/U0_DS_pulse/enable_pulse_reg
  Impl DFF        Imp:/WORK/SYS_TOP/U0_DATA_SYNC/U0_DS_pulse/enable_pulse_reg

  Ref  DFF        Ref:/WORK/SYS_TOP/U0_DATA_SYNC/U0_DS_pulse/inst_PULSE_GEN/DFF_reg
  Impl DFF        Imp:/WORK/SYS_TOP/U0_DATA_SYNC/U0_DS_pulse/inst_PULSE_GEN/DFF_reg

  Ref  DFF        Ref:/WORK/SYS_TOP/U0_DATA_SYNC/U0_multi_ff/sync_dff_reg[0][0]
  Impl DFF        Imp:/WORK/SYS_TOP/U0_DATA_SYNC/U0_multi_ff/sync_dff_reg[0][0]

  Ref  DFF        Ref:/WORK/SYS_TOP/U0_DATA_SYNC/U0_multi_ff/sync_dff_reg[1][0]
  Impl DFF        Imp:/WORK/SYS_TOP/U0_DATA_SYNC/U0_multi_ff/sync_dff_reg[1][0]

  Ref  DFF        Ref:/WORK/SYS_TOP/U0_DATA_SYNC/U0_sync_bus/sync_bus_reg[0]
  Impl DFF        Imp:/WORK/SYS_TOP/U0_DATA_SYNC/U0_sync_bus/sync_bus_reg[0]

  Ref  DFF        Ref:/WORK/SYS_TOP/U0_DATA_SYNC/U0_sync_bus/sync_bus_reg[1]
  Impl DFF        Imp:/WORK/SYS_TOP/U0_DATA_SYNC/U0_sync_bus/sync_bus_reg[1]

  Ref  DFF        Ref:/WORK/SYS_TOP/U0_DATA_SYNC/U0_sync_bus/sync_bus_reg[2]
  Impl DFF        Imp:/WORK/SYS_TOP/U0_DATA_SYNC/U0_sync_bus/sync_bus_reg[2]

  Ref  DFF        Ref:/WORK/SYS_TOP/U0_DATA_SYNC/U0_sync_bus/sync_bus_reg[3]
  Impl DFF        Imp:/WORK/SYS_TOP/U0_DATA_SYNC/U0_sync_bus/sync_bus_reg[3]

  Ref  DFF        Ref:/WORK/SYS_TOP/U0_DATA_SYNC/U0_sync_bus/sync_bus_reg[4]
  Impl DFF        Imp:/WORK/SYS_TOP/U0_DATA_SYNC/U0_sync_bus/sync_bus_reg[4]

  Ref  DFF        Ref:/WORK/SYS_TOP/U0_DATA_SYNC/U0_sync_bus/sync_bus_reg[5]
  Impl DFF        Imp:/WORK/SYS_TOP/U0_DATA_SYNC/U0_sync_bus/sync_bus_reg[5]

  Ref  DFF        Ref:/WORK/SYS_TOP/U0_DATA_SYNC/U0_sync_bus/sync_bus_reg[6]
  Impl DFF        Imp:/WORK/SYS_TOP/U0_DATA_SYNC/U0_sync_bus/sync_bus_reg[6]

  Ref  DFF        Ref:/WORK/SYS_TOP/U0_DATA_SYNC/U0_sync_bus/sync_bus_reg[7]
  Impl DFF        Imp:/WORK/SYS_TOP/U0_DATA_SYNC/U0_sync_bus/sync_bus_reg[7]

  Ref  DFF        Ref:/WORK/SYS_TOP/U0_PULSE_GEN/DFF_reg
  Impl DFF        Imp:/WORK/SYS_TOP/U0_PULSE_GEN/DFF_reg

  Ref  DFF        Ref:/WORK/SYS_TOP/U0_RST_SYNC/sync_dff_reg[0]
  Impl DFF        Imp:/WORK/SYS_TOP/U0_RST_SYNC/sync_dff_reg[0]

  Ref  DFF        Ref:/WORK/SYS_TOP/U0_RST_SYNC/sync_dff_reg[1]
  Impl DFF        Imp:/WORK/SYS_TOP/U0_RST_SYNC/sync_dff_reg[1]

  Ref  DFF        Ref:/WORK/SYS_TOP/U0_RegFile/MEM_reg[0][0]
  Impl DFF        Imp:/WORK/SYS_TOP/U0_RegFile/MEM_reg[0][0]

  Ref  DFF        Ref:/WORK/SYS_TOP/U0_RegFile/MEM_reg[0][1]
  Impl DFF        Imp:/WORK/SYS_TOP/U0_RegFile/MEM_reg[0][1]

  Ref  DFF        Ref:/WORK/SYS_TOP/U0_RegFile/MEM_reg[0][2]
  Impl DFF        Imp:/WORK/SYS_TOP/U0_RegFile/MEM_reg[0][2]

  Ref  DFF        Ref:/WORK/SYS_TOP/U0_RegFile/MEM_reg[0][3]
  Impl DFF        Imp:/WORK/SYS_TOP/U0_RegFile/MEM_reg[0][3]

  Ref  DFF        Ref:/WORK/SYS_TOP/U0_RegFile/MEM_reg[0][4]
  Impl DFF        Imp:/WORK/SYS_TOP/U0_RegFile/MEM_reg[0][4]

  Ref  DFF        Ref:/WORK/SYS_TOP/U0_RegFile/MEM_reg[0][5]
  Impl DFF        Imp:/WORK/SYS_TOP/U0_RegFile/MEM_reg[0][5]

  Ref  DFF        Ref:/WORK/SYS_TOP/U0_RegFile/MEM_reg[0][6]
  Impl DFF        Imp:/WORK/SYS_TOP/U0_RegFile/MEM_reg[0][6]

  Ref  DFF        Ref:/WORK/SYS_TOP/U0_RegFile/MEM_reg[0][7]
  Impl DFF        Imp:/WORK/SYS_TOP/U0_RegFile/MEM_reg[0][7]

  Ref  DFF        Ref:/WORK/SYS_TOP/U0_RegFile/MEM_reg[1][0]
  Impl DFF        Imp:/WORK/SYS_TOP/U0_RegFile/MEM_reg[1][0]

  Ref  DFF        Ref:/WORK/SYS_TOP/U0_RegFile/MEM_reg[1][1]
  Impl DFF        Imp:/WORK/SYS_TOP/U0_RegFile/MEM_reg[1][1]

  Ref  DFF        Ref:/WORK/SYS_TOP/U0_RegFile/MEM_reg[1][2]
  Impl DFF        Imp:/WORK/SYS_TOP/U0_RegFile/MEM_reg[1][2]

  Ref  DFF        Ref:/WORK/SYS_TOP/U0_RegFile/MEM_reg[1][3]
  Impl DFF        Imp:/WORK/SYS_TOP/U0_RegFile/MEM_reg[1][3]

  Ref  DFF        Ref:/WORK/SYS_TOP/U0_RegFile/MEM_reg[1][4]
  Impl DFF        Imp:/WORK/SYS_TOP/U0_RegFile/MEM_reg[1][4]

  Ref  DFF        Ref:/WORK/SYS_TOP/U0_RegFile/MEM_reg[1][5]
  Impl DFF        Imp:/WORK/SYS_TOP/U0_RegFile/MEM_reg[1][5]

  Ref  DFF        Ref:/WORK/SYS_TOP/U0_RegFile/MEM_reg[1][6]
  Impl DFF        Imp:/WORK/SYS_TOP/U0_RegFile/MEM_reg[1][6]

  Ref  DFF        Ref:/WORK/SYS_TOP/U0_RegFile/MEM_reg[1][7]
  Impl DFF        Imp:/WORK/SYS_TOP/U0_RegFile/MEM_reg[1][7]

  Ref  DFF        Ref:/WORK/SYS_TOP/U0_RegFile/MEM_reg[2][0]
  Impl DFF        Imp:/WORK/SYS_TOP/U0_RegFile/MEM_reg[2][0]

  Ref  DFF        Ref:/WORK/SYS_TOP/U0_RegFile/MEM_reg[2][1]
  Impl DFF        Imp:/WORK/SYS_TOP/U0_RegFile/MEM_reg[2][1]

  Ref  DFF        Ref:/WORK/SYS_TOP/U0_RegFile/MEM_reg[2][2]
  Impl DFF        Imp:/WORK/SYS_TOP/U0_RegFile/MEM_reg[2][2]

  Ref  DFF        Ref:/WORK/SYS_TOP/U0_RegFile/MEM_reg[2][3]
  Impl DFF        Imp:/WORK/SYS_TOP/U0_RegFile/MEM_reg[2][3]

  Ref  DFF        Ref:/WORK/SYS_TOP/U0_RegFile/MEM_reg[2][4]
  Impl DFF        Imp:/WORK/SYS_TOP/U0_RegFile/MEM_reg[2][4]

  Ref  DFF        Ref:/WORK/SYS_TOP/U0_RegFile/MEM_reg[2][5]
  Impl DFF        Imp:/WORK/SYS_TOP/U0_RegFile/MEM_reg[2][5]

  Ref  DFF        Ref:/WORK/SYS_TOP/U0_RegFile/MEM_reg[2][6]
  Impl DFF        Imp:/WORK/SYS_TOP/U0_RegFile/MEM_reg[2][6]

  Ref  DFF        Ref:/WORK/SYS_TOP/U0_RegFile/MEM_reg[2][7]
  Impl DFF        Imp:/WORK/SYS_TOP/U0_RegFile/MEM_reg[2][7]

  Ref  DFF        Ref:/WORK/SYS_TOP/U0_RegFile/MEM_reg[3][0]
  Impl DFF        Imp:/WORK/SYS_TOP/U0_RegFile/MEM_reg[3][0]

  Ref  DFF        Ref:/WORK/SYS_TOP/U0_RegFile/MEM_reg[3][1]
  Impl DFF        Imp:/WORK/SYS_TOP/U0_RegFile/MEM_reg[3][1]

  Ref  DFF        Ref:/WORK/SYS_TOP/U0_RegFile/MEM_reg[3][2]
  Impl DFF        Imp:/WORK/SYS_TOP/U0_RegFile/MEM_reg[3][2]

  Ref  DFF        Ref:/WORK/SYS_TOP/U0_RegFile/MEM_reg[3][3]
  Impl DFF        Imp:/WORK/SYS_TOP/U0_RegFile/MEM_reg[3][3]

  Ref  DFF        Ref:/WORK/SYS_TOP/U0_RegFile/MEM_reg[3][4]
  Impl DFF        Imp:/WORK/SYS_TOP/U0_RegFile/MEM_reg[3][4]

  Ref  DFF        Ref:/WORK/SYS_TOP/U0_RegFile/MEM_reg[3][5]
  Impl DFF        Imp:/WORK/SYS_TOP/U0_RegFile/MEM_reg[3][5]

  Ref  DFF        Ref:/WORK/SYS_TOP/U0_RegFile/MEM_reg[3][6]
  Impl DFF        Imp:/WORK/SYS_TOP/U0_RegFile/MEM_reg[3][6]

  Ref  DFF        Ref:/WORK/SYS_TOP/U0_RegFile/MEM_reg[3][7]
  Impl DFF        Imp:/WORK/SYS_TOP/U0_RegFile/MEM_reg[3][7]

  Ref  DFF        Ref:/WORK/SYS_TOP/U0_RegFile/MEM_reg[4][0]
  Impl DFF        Imp:/WORK/SYS_TOP/U0_RegFile/MEM_reg[4][0]

  Ref  DFF        Ref:/WORK/SYS_TOP/U0_RegFile/MEM_reg[4][1]
  Impl DFF        Imp:/WORK/SYS_TOP/U0_RegFile/MEM_reg[4][1]

  Ref  DFF        Ref:/WORK/SYS_TOP/U0_RegFile/MEM_reg[4][2]
  Impl DFF        Imp:/WORK/SYS_TOP/U0_RegFile/MEM_reg[4][2]

  Ref  DFF        Ref:/WORK/SYS_TOP/U0_RegFile/MEM_reg[4][3]
  Impl DFF        Imp:/WORK/SYS_TOP/U0_RegFile/MEM_reg[4][3]

  Ref  DFF        Ref:/WORK/SYS_TOP/U0_RegFile/MEM_reg[4][4]
  Impl DFF        Imp:/WORK/SYS_TOP/U0_RegFile/MEM_reg[4][4]

  Ref  DFF        Ref:/WORK/SYS_TOP/U0_RegFile/MEM_reg[4][5]
  Impl DFF        Imp:/WORK/SYS_TOP/U0_RegFile/MEM_reg[4][5]

  Ref  DFF        Ref:/WORK/SYS_TOP/U0_RegFile/MEM_reg[4][6]
  Impl DFF        Imp:/WORK/SYS_TOP/U0_RegFile/MEM_reg[4][6]

  Ref  DFF        Ref:/WORK/SYS_TOP/U0_RegFile/MEM_reg[4][7]
  Impl DFF        Imp:/WORK/SYS_TOP/U0_RegFile/MEM_reg[4][7]

  Ref  DFF        Ref:/WORK/SYS_TOP/U0_RegFile/MEM_reg[5][0]
  Impl DFF        Imp:/WORK/SYS_TOP/U0_RegFile/MEM_reg[5][0]

  Ref  DFF        Ref:/WORK/SYS_TOP/U0_RegFile/MEM_reg[5][1]
  Impl DFF        Imp:/WORK/SYS_TOP/U0_RegFile/MEM_reg[5][1]

  Ref  DFF        Ref:/WORK/SYS_TOP/U0_RegFile/MEM_reg[5][2]
  Impl DFF        Imp:/WORK/SYS_TOP/U0_RegFile/MEM_reg[5][2]

  Ref  DFF        Ref:/WORK/SYS_TOP/U0_RegFile/MEM_reg[5][3]
  Impl DFF        Imp:/WORK/SYS_TOP/U0_RegFile/MEM_reg[5][3]

  Ref  DFF        Ref:/WORK/SYS_TOP/U0_RegFile/MEM_reg[5][4]
  Impl DFF        Imp:/WORK/SYS_TOP/U0_RegFile/MEM_reg[5][4]

  Ref  DFF        Ref:/WORK/SYS_TOP/U0_RegFile/MEM_reg[5][5]
  Impl DFF        Imp:/WORK/SYS_TOP/U0_RegFile/MEM_reg[5][5]

  Ref  DFF        Ref:/WORK/SYS_TOP/U0_RegFile/MEM_reg[5][6]
  Impl DFF        Imp:/WORK/SYS_TOP/U0_RegFile/MEM_reg[5][6]

  Ref  DFF        Ref:/WORK/SYS_TOP/U0_RegFile/MEM_reg[5][7]
  Impl DFF        Imp:/WORK/SYS_TOP/U0_RegFile/MEM_reg[5][7]

  Ref  DFF        Ref:/WORK/SYS_TOP/U0_RegFile/MEM_reg[6][0]
  Impl DFF        Imp:/WORK/SYS_TOP/U0_RegFile/MEM_reg[6][0]

  Ref  DFF        Ref:/WORK/SYS_TOP/U0_RegFile/MEM_reg[6][1]
  Impl DFF        Imp:/WORK/SYS_TOP/U0_RegFile/MEM_reg[6][1]

  Ref  DFF        Ref:/WORK/SYS_TOP/U0_RegFile/MEM_reg[6][2]
  Impl DFF        Imp:/WORK/SYS_TOP/U0_RegFile/MEM_reg[6][2]

  Ref  DFF        Ref:/WORK/SYS_TOP/U0_RegFile/MEM_reg[6][3]
  Impl DFF        Imp:/WORK/SYS_TOP/U0_RegFile/MEM_reg[6][3]

  Ref  DFF        Ref:/WORK/SYS_TOP/U0_RegFile/MEM_reg[6][4]
  Impl DFF        Imp:/WORK/SYS_TOP/U0_RegFile/MEM_reg[6][4]

  Ref  DFF        Ref:/WORK/SYS_TOP/U0_RegFile/MEM_reg[6][5]
  Impl DFF        Imp:/WORK/SYS_TOP/U0_RegFile/MEM_reg[6][5]

  Ref  DFF        Ref:/WORK/SYS_TOP/U0_RegFile/MEM_reg[6][6]
  Impl DFF        Imp:/WORK/SYS_TOP/U0_RegFile/MEM_reg[6][6]

  Ref  DFF        Ref:/WORK/SYS_TOP/U0_RegFile/MEM_reg[6][7]
  Impl DFF        Imp:/WORK/SYS_TOP/U0_RegFile/MEM_reg[6][7]

  Ref  DFF        Ref:/WORK/SYS_TOP/U0_RegFile/MEM_reg[7][0]
  Impl DFF        Imp:/WORK/SYS_TOP/U0_RegFile/MEM_reg[7][0]

  Ref  DFF        Ref:/WORK/SYS_TOP/U0_RegFile/MEM_reg[7][1]
  Impl DFF        Imp:/WORK/SYS_TOP/U0_RegFile/MEM_reg[7][1]

  Ref  DFF        Ref:/WORK/SYS_TOP/U0_RegFile/MEM_reg[7][2]
  Impl DFF        Imp:/WORK/SYS_TOP/U0_RegFile/MEM_reg[7][2]

  Ref  DFF        Ref:/WORK/SYS_TOP/U0_RegFile/MEM_reg[7][3]
  Impl DFF        Imp:/WORK/SYS_TOP/U0_RegFile/MEM_reg[7][3]

  Ref  DFF        Ref:/WORK/SYS_TOP/U0_RegFile/MEM_reg[7][4]
  Impl DFF        Imp:/WORK/SYS_TOP/U0_RegFile/MEM_reg[7][4]

  Ref  DFF        Ref:/WORK/SYS_TOP/U0_RegFile/MEM_reg[7][5]
  Impl DFF        Imp:/WORK/SYS_TOP/U0_RegFile/MEM_reg[7][5]

  Ref  DFF        Ref:/WORK/SYS_TOP/U0_RegFile/MEM_reg[7][6]
  Impl DFF        Imp:/WORK/SYS_TOP/U0_RegFile/MEM_reg[7][6]

  Ref  DFF        Ref:/WORK/SYS_TOP/U0_RegFile/MEM_reg[7][7]
  Impl DFF        Imp:/WORK/SYS_TOP/U0_RegFile/MEM_reg[7][7]

  Ref  DFF        Ref:/WORK/SYS_TOP/U0_RegFile/RdData_Valid_reg
  Impl DFF        Imp:/WORK/SYS_TOP/U0_RegFile/RdData_Valid_reg

  Ref  DFF        Ref:/WORK/SYS_TOP/U0_RegFile/RdData_reg[0]
  Impl DFF        Imp:/WORK/SYS_TOP/U0_RegFile/RdData_reg[0]

  Ref  DFF        Ref:/WORK/SYS_TOP/U0_RegFile/RdData_reg[1]
  Impl DFF        Imp:/WORK/SYS_TOP/U0_RegFile/RdData_reg[1]

  Ref  DFF        Ref:/WORK/SYS_TOP/U0_RegFile/RdData_reg[2]
  Impl DFF        Imp:/WORK/SYS_TOP/U0_RegFile/RdData_reg[2]

  Ref  DFF        Ref:/WORK/SYS_TOP/U0_RegFile/RdData_reg[3]
  Impl DFF        Imp:/WORK/SYS_TOP/U0_RegFile/RdData_reg[3]

  Ref  DFF        Ref:/WORK/SYS_TOP/U0_RegFile/RdData_reg[4]
  Impl DFF        Imp:/WORK/SYS_TOP/U0_RegFile/RdData_reg[4]

  Ref  DFF        Ref:/WORK/SYS_TOP/U0_RegFile/RdData_reg[5]
  Impl DFF        Imp:/WORK/SYS_TOP/U0_RegFile/RdData_reg[5]

  Ref  DFF        Ref:/WORK/SYS_TOP/U0_RegFile/RdData_reg[6]
  Impl DFF        Imp:/WORK/SYS_TOP/U0_RegFile/RdData_reg[6]

  Ref  DFF        Ref:/WORK/SYS_TOP/U0_RegFile/RdData_reg[7]
  Impl DFF        Imp:/WORK/SYS_TOP/U0_RegFile/RdData_reg[7]

  Ref  DFF        Ref:/WORK/SYS_TOP/U0_SYS_CTRL/ALUFN_reg_reg[0]
  Impl DFF        Imp:/WORK/SYS_TOP/U0_SYS_CTRL/ALUFN_reg_reg[0]

  Ref  DFF        Ref:/WORK/SYS_TOP/U0_SYS_CTRL/ALUFN_reg_reg[1]
  Impl DFF        Imp:/WORK/SYS_TOP/U0_SYS_CTRL/ALUFN_reg_reg[1]

  Ref  DFF        Ref:/WORK/SYS_TOP/U0_SYS_CTRL/ALUFN_reg_reg[2]
  Impl DFF        Imp:/WORK/SYS_TOP/U0_SYS_CTRL/ALUFN_reg_reg[2]

  Ref  DFF        Ref:/WORK/SYS_TOP/U0_SYS_CTRL/ALUFN_reg_reg[3]
  Impl DFF        Imp:/WORK/SYS_TOP/U0_SYS_CTRL/ALUFN_reg_reg[3]

  Ref  DFF        Ref:/WORK/SYS_TOP/U0_SYS_CTRL/addr_reg_reg[0]
  Impl DFF        Imp:/WORK/SYS_TOP/U0_SYS_CTRL/addr_reg_reg[0]

  Ref  DFF        Ref:/WORK/SYS_TOP/U0_SYS_CTRL/addr_reg_reg[1]
  Impl DFF        Imp:/WORK/SYS_TOP/U0_SYS_CTRL/addr_reg_reg[1]

  Ref  DFF        Ref:/WORK/SYS_TOP/U0_SYS_CTRL/addr_reg_reg[2]
  Impl DFF        Imp:/WORK/SYS_TOP/U0_SYS_CTRL/addr_reg_reg[2]

  Ref  DFF        Ref:/WORK/SYS_TOP/U0_SYS_CTRL/addr_reg_reg[3]
  Impl DFF        Imp:/WORK/SYS_TOP/U0_SYS_CTRL/addr_reg_reg[3]

  Ref  DFF        Ref:/WORK/SYS_TOP/U0_SYS_CTRL/current_state_reg[0]
  Impl DFF        Imp:/WORK/SYS_TOP/U0_SYS_CTRL/current_state_reg[0]

  Ref  DFF        Ref:/WORK/SYS_TOP/U0_SYS_CTRL/current_state_reg[1]
  Impl DFF        Imp:/WORK/SYS_TOP/U0_SYS_CTRL/current_state_reg[1]

  Ref  DFF        Ref:/WORK/SYS_TOP/U0_SYS_CTRL/current_state_reg[2]
  Impl DFF        Imp:/WORK/SYS_TOP/U0_SYS_CTRL/current_state_reg[2]

  Ref  DFF        Ref:/WORK/SYS_TOP/U0_SYS_CTRL/current_state_reg[3]
  Impl DFF        Imp:/WORK/SYS_TOP/U0_SYS_CTRL/current_state_reg[3]

  Ref  DFF        Ref:/WORK/SYS_TOP/U0_UART_RX/U0_FSM/check_error_reg
  Impl DFF        Imp:/WORK/SYS_TOP/U0_UART_RX/U0_FSM/check_error_reg

  Ref  DFF        Ref:/WORK/SYS_TOP/U0_UART_RX/U0_FSM/current_state_reg[0]
  Impl DFF        Imp:/WORK/SYS_TOP/U0_UART_RX/U0_FSM/current_state_reg[0]

  Ref  DFF        Ref:/WORK/SYS_TOP/U0_UART_RX/U0_FSM/current_state_reg[1]
  Impl DFF        Imp:/WORK/SYS_TOP/U0_UART_RX/U0_FSM/current_state_reg[1]

  Ref  DFF        Ref:/WORK/SYS_TOP/U0_UART_RX/U0_FSM/current_state_reg[2]
  Impl DFF        Imp:/WORK/SYS_TOP/U0_UART_RX/U0_FSM/current_state_reg[2]

  Ref  DFF        Ref:/WORK/SYS_TOP/U0_UART_RX/U0_data_sampling/first_sample_reg
  Impl DFF        Imp:/WORK/SYS_TOP/U0_UART_RX/U0_data_sampling/first_sample_reg

  Ref  DFF        Ref:/WORK/SYS_TOP/U0_UART_RX/U0_data_sampling/second_sample_reg
  Impl DFF        Imp:/WORK/SYS_TOP/U0_UART_RX/U0_data_sampling/second_sample_reg

  Ref  DFF        Ref:/WORK/SYS_TOP/U0_UART_RX/U0_data_sampling/third_sample_reg
  Impl DFF        Imp:/WORK/SYS_TOP/U0_UART_RX/U0_data_sampling/third_sample_reg

  Ref  DFF        Ref:/WORK/SYS_TOP/U0_UART_RX/U0_deserializer/data_valid_reg
  Impl DFF        Imp:/WORK/SYS_TOP/U0_UART_RX/U0_deserializer/data_valid_reg

  Ref  DFF        Ref:/WORK/SYS_TOP/U0_UART_RX/U0_deserializer/parallel_data_reg[0]
  Impl DFF        Imp:/WORK/SYS_TOP/U0_UART_RX/U0_deserializer/parallel_data_reg[0]

  Ref  DFF        Ref:/WORK/SYS_TOP/U0_UART_RX/U0_deserializer/parallel_data_reg[1]
  Impl DFF        Imp:/WORK/SYS_TOP/U0_UART_RX/U0_deserializer/parallel_data_reg[1]

  Ref  DFF        Ref:/WORK/SYS_TOP/U0_UART_RX/U0_deserializer/parallel_data_reg[2]
  Impl DFF        Imp:/WORK/SYS_TOP/U0_UART_RX/U0_deserializer/parallel_data_reg[2]

  Ref  DFF        Ref:/WORK/SYS_TOP/U0_UART_RX/U0_deserializer/parallel_data_reg[3]
  Impl DFF        Imp:/WORK/SYS_TOP/U0_UART_RX/U0_deserializer/parallel_data_reg[3]

  Ref  DFF        Ref:/WORK/SYS_TOP/U0_UART_RX/U0_deserializer/parallel_data_reg[4]
  Impl DFF        Imp:/WORK/SYS_TOP/U0_UART_RX/U0_deserializer/parallel_data_reg[4]

  Ref  DFF        Ref:/WORK/SYS_TOP/U0_UART_RX/U0_deserializer/parallel_data_reg[5]
  Impl DFF        Imp:/WORK/SYS_TOP/U0_UART_RX/U0_deserializer/parallel_data_reg[5]

  Ref  DFF        Ref:/WORK/SYS_TOP/U0_UART_RX/U0_deserializer/parallel_data_reg[6]
  Impl DFF        Imp:/WORK/SYS_TOP/U0_UART_RX/U0_deserializer/parallel_data_reg[6]

  Ref  DFF        Ref:/WORK/SYS_TOP/U0_UART_RX/U0_deserializer/parallel_data_reg[7]
  Impl DFF        Imp:/WORK/SYS_TOP/U0_UART_RX/U0_deserializer/parallel_data_reg[7]

  Ref  DFF        Ref:/WORK/SYS_TOP/U0_UART_RX/U0_deserializer/sampled_stream_reg[0]
  Impl DFF        Imp:/WORK/SYS_TOP/U0_UART_RX/U0_deserializer/sampled_stream_reg[0]

  Ref  DFF        Ref:/WORK/SYS_TOP/U0_UART_RX/U0_deserializer/sampled_stream_reg[1]
  Impl DFF        Imp:/WORK/SYS_TOP/U0_UART_RX/U0_deserializer/sampled_stream_reg[1]

  Ref  DFF        Ref:/WORK/SYS_TOP/U0_UART_RX/U0_deserializer/sampled_stream_reg[2]
  Impl DFF        Imp:/WORK/SYS_TOP/U0_UART_RX/U0_deserializer/sampled_stream_reg[2]

  Ref  DFF        Ref:/WORK/SYS_TOP/U0_UART_RX/U0_deserializer/sampled_stream_reg[3]
  Impl DFF        Imp:/WORK/SYS_TOP/U0_UART_RX/U0_deserializer/sampled_stream_reg[3]

  Ref  DFF        Ref:/WORK/SYS_TOP/U0_UART_RX/U0_deserializer/sampled_stream_reg[4]
  Impl DFF        Imp:/WORK/SYS_TOP/U0_UART_RX/U0_deserializer/sampled_stream_reg[4]

  Ref  DFF        Ref:/WORK/SYS_TOP/U0_UART_RX/U0_deserializer/sampled_stream_reg[5]
  Impl DFF        Imp:/WORK/SYS_TOP/U0_UART_RX/U0_deserializer/sampled_stream_reg[5]

  Ref  DFF        Ref:/WORK/SYS_TOP/U0_UART_RX/U0_deserializer/sampled_stream_reg[6]
  Impl DFF        Imp:/WORK/SYS_TOP/U0_UART_RX/U0_deserializer/sampled_stream_reg[6]

  Ref  DFF        Ref:/WORK/SYS_TOP/U0_UART_RX/U0_deserializer/sampled_stream_reg[7]
  Impl DFF        Imp:/WORK/SYS_TOP/U0_UART_RX/U0_deserializer/sampled_stream_reg[7]

  Ref  DFF        Ref:/WORK/SYS_TOP/U0_UART_RX/U0_edge_bit_counter/bit_cnt_reg[0]
  Impl DFF        Imp:/WORK/SYS_TOP/U0_UART_RX/U0_edge_bit_counter/bit_cnt_reg[0]

  Ref  DFF        Ref:/WORK/SYS_TOP/U0_UART_RX/U0_edge_bit_counter/bit_cnt_reg[1]
  Impl DFF        Imp:/WORK/SYS_TOP/U0_UART_RX/U0_edge_bit_counter/bit_cnt_reg[1]

  Ref  DFF        Ref:/WORK/SYS_TOP/U0_UART_RX/U0_edge_bit_counter/bit_cnt_reg[2]
  Impl DFF        Imp:/WORK/SYS_TOP/U0_UART_RX/U0_edge_bit_counter/bit_cnt_reg[2]

  Ref  DFF        Ref:/WORK/SYS_TOP/U0_UART_RX/U0_edge_bit_counter/bit_cnt_reg[3]
  Impl DFF        Imp:/WORK/SYS_TOP/U0_UART_RX/U0_edge_bit_counter/bit_cnt_reg[3]

  Ref  DFF        Ref:/WORK/SYS_TOP/U0_UART_RX/U0_edge_bit_counter/edge_cnt_reg[0]
  Impl DFF        Imp:/WORK/SYS_TOP/U0_UART_RX/U0_edge_bit_counter/edge_cnt_reg[0]

  Ref  DFF        Ref:/WORK/SYS_TOP/U0_UART_RX/U0_edge_bit_counter/edge_cnt_reg[1]
  Impl DFF        Imp:/WORK/SYS_TOP/U0_UART_RX/U0_edge_bit_counter/edge_cnt_reg[1]

  Ref  DFF        Ref:/WORK/SYS_TOP/U0_UART_RX/U0_edge_bit_counter/edge_cnt_reg[2]
  Impl DFF        Imp:/WORK/SYS_TOP/U0_UART_RX/U0_edge_bit_counter/edge_cnt_reg[2]

  Ref  DFF        Ref:/WORK/SYS_TOP/U0_UART_RX/U0_edge_bit_counter/edge_cnt_reg[3]
  Impl DFF        Imp:/WORK/SYS_TOP/U0_UART_RX/U0_edge_bit_counter/edge_cnt_reg[3]

  Ref  DFF        Ref:/WORK/SYS_TOP/U0_UART_RX/U0_edge_bit_counter/edge_cnt_reg[4]
  Impl DFF        Imp:/WORK/SYS_TOP/U0_UART_RX/U0_edge_bit_counter/edge_cnt_reg[4]

  Ref  DFF        Ref:/WORK/SYS_TOP/U0_UART_TX/U0_FSM/current_state_reg[0]
  Impl DFF        Imp:/WORK/SYS_TOP/U0_UART_TX/U0_FSM/current_state_reg[0]

  Ref  DFF        Ref:/WORK/SYS_TOP/U0_UART_TX/U0_FSM/current_state_reg[1]
  Impl DFF        Imp:/WORK/SYS_TOP/U0_UART_TX/U0_FSM/current_state_reg[1]

  Ref  DFF        Ref:/WORK/SYS_TOP/U0_UART_TX/U0_FSM/current_state_reg[2]
  Impl DFF        Imp:/WORK/SYS_TOP/U0_UART_TX/U0_FSM/current_state_reg[2]

  Ref  DFF        Ref:/WORK/SYS_TOP/U0_UART_TX/U0_parity_calc/data_reg[0]
  Impl DFF        Imp:/WORK/SYS_TOP/U0_UART_TX/U0_parity_calc/data_reg[0]

  Ref  DFF        Ref:/WORK/SYS_TOP/U0_UART_TX/U0_parity_calc/data_reg[1]
  Impl DFF        Imp:/WORK/SYS_TOP/U0_UART_TX/U0_parity_calc/data_reg[1]

  Ref  DFF        Ref:/WORK/SYS_TOP/U0_UART_TX/U0_parity_calc/data_reg[2]
  Impl DFF        Imp:/WORK/SYS_TOP/U0_UART_TX/U0_parity_calc/data_reg[2]

  Ref  DFF        Ref:/WORK/SYS_TOP/U0_UART_TX/U0_parity_calc/data_reg[3]
  Impl DFF        Imp:/WORK/SYS_TOP/U0_UART_TX/U0_parity_calc/data_reg[3]

  Ref  DFF        Ref:/WORK/SYS_TOP/U0_UART_TX/U0_parity_calc/data_reg[4]
  Impl DFF        Imp:/WORK/SYS_TOP/U0_UART_TX/U0_parity_calc/data_reg[4]

  Ref  DFF        Ref:/WORK/SYS_TOP/U0_UART_TX/U0_parity_calc/data_reg[5]
  Impl DFF        Imp:/WORK/SYS_TOP/U0_UART_TX/U0_parity_calc/data_reg[5]

  Ref  DFF        Ref:/WORK/SYS_TOP/U0_UART_TX/U0_parity_calc/data_reg[6]
  Impl DFF        Imp:/WORK/SYS_TOP/U0_UART_TX/U0_parity_calc/data_reg[6]

  Ref  DFF        Ref:/WORK/SYS_TOP/U0_UART_TX/U0_parity_calc/data_reg[7]
  Impl DFF        Imp:/WORK/SYS_TOP/U0_UART_TX/U0_parity_calc/data_reg[7]

  Ref  DFF        Ref:/WORK/SYS_TOP/U0_UART_TX/U0_serializer/counter_r_reg[0]
  Impl DFF        Imp:/WORK/SYS_TOP/U0_UART_TX/U0_serializer/counter_r_reg[0]

  Ref  DFF        Ref:/WORK/SYS_TOP/U0_UART_TX/U0_serializer/counter_r_reg[1]
  Impl DFF        Imp:/WORK/SYS_TOP/U0_UART_TX/U0_serializer/counter_r_reg[1]

  Ref  DFF        Ref:/WORK/SYS_TOP/U0_UART_TX/U0_serializer/counter_r_reg[2]
  Impl DFF        Imp:/WORK/SYS_TOP/U0_UART_TX/U0_serializer/counter_r_reg[2]

  Ref  DFF        Ref:/WORK/SYS_TOP/U0_UART_TX/U0_serializer/counter_r_reg[3]
  Impl DFF        Imp:/WORK/SYS_TOP/U0_UART_TX/U0_serializer/counter_r_reg[3]

  Ref  DFF        Ref:/WORK/SYS_TOP/U0_UART_TX/U0_serializer/data_reg[0]
  Impl DFF        Imp:/WORK/SYS_TOP/U0_UART_TX/U0_serializer/data_reg[0]

  Ref  DFF        Ref:/WORK/SYS_TOP/U0_UART_TX/U0_serializer/data_reg[1]
  Impl DFF        Imp:/WORK/SYS_TOP/U0_UART_TX/U0_serializer/data_reg[1]

  Ref  DFF        Ref:/WORK/SYS_TOP/U0_UART_TX/U0_serializer/data_reg[2]
  Impl DFF        Imp:/WORK/SYS_TOP/U0_UART_TX/U0_serializer/data_reg[2]

  Ref  DFF        Ref:/WORK/SYS_TOP/U0_UART_TX/U0_serializer/data_reg[3]
  Impl DFF        Imp:/WORK/SYS_TOP/U0_UART_TX/U0_serializer/data_reg[3]

  Ref  DFF        Ref:/WORK/SYS_TOP/U0_UART_TX/U0_serializer/data_reg[4]
  Impl DFF        Imp:/WORK/SYS_TOP/U0_UART_TX/U0_serializer/data_reg[4]

  Ref  DFF        Ref:/WORK/SYS_TOP/U0_UART_TX/U0_serializer/data_reg[5]
  Impl DFF        Imp:/WORK/SYS_TOP/U0_UART_TX/U0_serializer/data_reg[5]

  Ref  DFF        Ref:/WORK/SYS_TOP/U0_UART_TX/U0_serializer/data_reg[6]
  Impl DFF        Imp:/WORK/SYS_TOP/U0_UART_TX/U0_serializer/data_reg[6]

  Ref  DFF        Ref:/WORK/SYS_TOP/U0_UART_TX/U0_serializer/data_reg[7]
  Impl DFF        Imp:/WORK/SYS_TOP/U0_UART_TX/U0_serializer/data_reg[7]

  Ref  DFF        Ref:/WORK/SYS_TOP/U0_UART_TX/U0_serializer/ser_data_reg
  Impl DFF        Imp:/WORK/SYS_TOP/U0_UART_TX/U0_serializer/ser_data_reg

  Ref  DFF        Ref:/WORK/SYS_TOP/U1_ClkDiv/counter_reg[0]
  Impl DFF        Imp:/WORK/SYS_TOP/U1_ClkDiv/counter_reg[0]

  Ref  DFF        Ref:/WORK/SYS_TOP/U1_ClkDiv/counter_reg[1]
  Impl DFF        Imp:/WORK/SYS_TOP/U1_ClkDiv/counter_reg[1]

  Ref  DFF        Ref:/WORK/SYS_TOP/U1_ClkDiv/counter_reg[2]
  Impl DFF        Imp:/WORK/SYS_TOP/U1_ClkDiv/counter_reg[2]

  Ref  DFF        Ref:/WORK/SYS_TOP/U1_ClkDiv/counter_reg[3]
  Impl DFF        Imp:/WORK/SYS_TOP/U1_ClkDiv/counter_reg[3]

  Ref  DFF        Ref:/WORK/SYS_TOP/U1_ClkDiv/counter_reg[4]
  Impl DFF        Imp:/WORK/SYS_TOP/U1_ClkDiv/counter_reg[4]

  Ref  DFF        Ref:/WORK/SYS_TOP/U1_ClkDiv/counter_reg[5]
  Impl DFF        Imp:/WORK/SYS_TOP/U1_ClkDiv/counter_reg[5]

  Ref  DFF        Ref:/WORK/SYS_TOP/U1_ClkDiv/counter_reg[6]
  Impl DFF        Imp:/WORK/SYS_TOP/U1_ClkDiv/counter_reg[6]

  Ref  DFF        Ref:/WORK/SYS_TOP/U1_ClkDiv/counter_reg[7]
  Impl DFF        Imp:/WORK/SYS_TOP/U1_ClkDiv/counter_reg[7]

  Ref  DFF        Ref:/WORK/SYS_TOP/U1_ClkDiv/div_clk_reg
  Impl DFF        Imp:/WORK/SYS_TOP/U1_ClkDiv/div_clk_reg

  Ref  DFF        Ref:/WORK/SYS_TOP/U1_ClkDiv/flag_reg
  Impl DFF        Imp:/WORK/SYS_TOP/U1_ClkDiv/flag_reg

  Ref  DFF        Ref:/WORK/SYS_TOP/U1_RST_SYNC/sync_dff_reg[0]
  Impl DFF        Imp:/WORK/SYS_TOP/U1_RST_SYNC/sync_dff_reg[0]

  Ref  DFF        Ref:/WORK/SYS_TOP/U1_RST_SYNC/sync_dff_reg[1]
  Impl DFF        Imp:/WORK/SYS_TOP/U1_RST_SYNC/sync_dff_reg[1]

  Ref  Port       Ref:/WORK/SYS_TOP/o_parity_err
  Impl Port       Imp:/WORK/SYS_TOP/o_parity_err

  Ref  Port       Ref:/WORK/SYS_TOP/o_stop_err
  Impl Port       Imp:/WORK/SYS_TOP/o_stop_err

  Ref  Port       Ref:/WORK/SYS_TOP/o_tx_out
  Impl Port       Imp:/WORK/SYS_TOP/o_tx_out

 [BBNet: multiply-driven net
  BBPin: black-box pin
  Cut:   cut-point
  DFF:   non-constant DFF register
  DFF0:  constant 0 DFF register
  DFF1:  constant 1 DFF register
  DFFX:  constant X DFF register
  DFF0X: constrained 0X DFF register
  DFF1X: constrained 1X DFF register
  LAT:   non-constant latch register
  LAT0:  constant 0 latch register
  LAT1:  constant 1 latch register
  LATX:  constant X latch register
  LAT0X: constrained 0X latch register
  LAT1X: constrained 1X latch register
  LATCG: clock-gating latch register
  TLA:   transparent latch register
  TLA0X: transparent constrained 0X latch register
  TLA1X: transparent constrained 1X latch register
  Loop:  cycle break point
  Port:  primary (top-level) port
  Und:   undriven signal cut-point
  Unk:   unknown signal cut-point]

1
